<?xml version="1.0" encoding="UTF-8"?>
<testng-results ignored="0" total="1" passed="1" failed="0" skipped="0">
  <reporter-output>
  </reporter-output>
  <suite started-at="2023-07-20T17:57:42 BST" name="Suite" finished-at="2023-07-20T17:58:01 BST" duration-ms="18969">
    <groups>
    </groups>
    <test started-at="2023-07-20T17:57:42 BST" name="Testpack1" finished-at="2023-07-20T17:57:42 BST" duration-ms="13">
    </test> <!-- Testpack1 -->
    <test started-at="2023-07-20T17:57:42 BST" name="Testpack2" finished-at="2023-07-20T17:58:01 BST" duration-ms="18871">
      <class name="tests.RunMergeLeadPage">
        <test-method is-config="true" signature="precondition(java.lang.String)[pri:0, instance:tests.RunMergeLeadPage@1a677343]" started-at="2023-07-20T17:57:42 BST" name="precondition" finished-at="2023-07-20T17:57:46 BST" duration-ms="3838" status="PASS">
          <params>
            <param index="0">
              <value>
                <![CDATA[Chrome]]>
              </value>
            </param>
          </params>
          <reporter-output>
          </reporter-output>
        </test-method> <!-- precondition -->
        <test-method signature="runMergeLead()[pri:0, instance:tests.RunMergeLeadPage@1a677343]" started-at="2023-07-20T17:57:46 BST" name="runMergeLead" finished-at="2023-07-20T17:58:01 BST" duration-ms="14629" status="PASS">
          <reporter-output>
          </reporter-output>
        </test-method> <!-- runMergeLead -->
        <test-method is-config="true" signature="close()[pri:0, instance:tests.RunMergeLeadPage@1a677343]" started-at="2023-07-20T17:58:01 BST" name="close" finished-at="2023-07-20T17:58:01 BST" duration-ms="378" status="PASS">
          <reporter-output>
          </reporter-output>
        </test-method> <!-- close -->
      </class> <!-- tests.RunMergeLeadPage -->
    </test> <!-- Testpack2 -->
  </suite> <!-- Suite -->
</testng-results>
